기존 데이터([2020, 2021, 2022, 2023, 2024, 2025, 2026]) 발견. 202605월부터 재조회 (1개월)...

[종로구] 1개월 조회 중...
  202605 (1/1)
  → 1건 저장

[중구] 1개월 조회 중...
  202605 (1/1)
  → 2건 저장

[용산구] 1개월 조회 중...
  202605 (1/1)

[성동구] 1개월 조회 중...
  202605 (1/1)
  → 4건 저장

[광진구] 1개월 조회 중...
  202605 (1/1)
  → 2건 저장

[동대문구] 1개월 조회 중...
  202605 (1/1)
  → 18건 저장

[중랑구] 1개월 조회 중...
  202605 (1/1)
  → 21건 저장

[성북구] 1개월 조회 중...
  202605 (1/1)
  → 2건 저장

[강북구] 1개월 조회 중...
  202605 (1/1)
  → 8건 저장

[도봉구] 1개월 조회 중...
  202605 (1/1)
  → 3건 저장

[노원구] 1개월 조회 중...
  202605 (1/1)
  → 8건 저장

[은평구] 1개월 조회 중...
  202605 (1/1)
  → 20건 저장

[서대문구] 1개월 조회 중...
  202605 (1/1)
  → 14건 저장

[마포구] 1개월 조회 중...
  202605 (1/1)
  → 2건 저장

[양천구] 1개월 조회 중...
  202605 (1/1)
  → 14건 저장

[강서구] 1개월 조회 중...
  202605 (1/1)
  → 13건 저장

[구로구] 1개월 조회 중...
  202605 (1/1)
  → 5건 저장

[금천구] 1개월 조회 중...
  202605 (1/1)
  → 2건 저장

[영등포구] 1개월 조회 중...
  202605 (1/1)
  → 5건 저장

[동작구] 1개월 조회 중...
  202605 (1/1)
  → 3건 저장

[관악구] 1개월 조회 중...
  202605 (1/1)
  → 17건 저장

[서초구] 1개월 조회 중...
  202605 (1/1)
  → 2건 저장

[강남구] 1개월 조회 중...
  202605 (1/1)
  → 16건 저장

[송파구] 1개월 조회 중...
  202605 (1/1)
  → 3건 저장

[강동구] 1개월 조회 중...
  202605 (1/1)

연도별 정렬 중...
  2026년: 21,342건

완료
